
> mobile-expo@1.0.0 web
> expo start --web --port 8083

Starting project at C:\Users\Administrator\Desktop\NemeXusMonitoringApp_FULL_UPDATED\mobile-expo
Starting Metro Bundler
Waiting on http://localhost:8083
Logs for your project will appear below.
Web .\index.js ▓▓▓▓▓▓▓▓▓▓▓▓▓▓▓░ 96.7% (293/298)
Web Bundled 4470ms index.js (332 modules)
 LOG  [web] Logs will appear in the browser console
Web .\index.js ░░░░░░░░░░░░░░░░  0.0% (0/1)
Web Bundled 42ms index.js (1 module)
 LOG  [web] Logs will appear in the browser console
Web .\index.js ░░░░░░░░░░░░░░░░  0.0% (0/1)
Web Bundled 26ms index.js (1 module)
 LOG  [web] Logs will appear in the browser console
Web .\index.js ░░░░░░░░░░░░░░░░  0.0% (0/1)
Web Bundled 30ms index.js (1 module)
 LOG  [web] Logs will appear in the browser console
Web .\index.js ░░░░░░░░░░░░░░░░  0.0% (0/1)
Web Bundled 26ms index.js (1 module)
 LOG  [web] Logs will appear in the browser console
Web .\index.js ░░░░░░░░░░░░░░░░  0.0% (0/1)
Web Bundled 27ms index.js (1 module)
 LOG  [web] Logs will appear in the browser console
