
> mobile-expo@1.0.0 web
> expo start --web --port 8082

Starting project at C:\Users\Administrator\Desktop\NemeXusMonitoringApp_FULL_UPDATED\mobile-expo
Starting Metro Bundler
Waiting on http://localhost:8082
Logs for your project will appear below.
Web Bundled 395ms index.js (255 modules)
 LOG  [web] Logs will appear in the browser console
Unable to resolve "../api/client" from "src\screens\SubmitReadingScreen.js"
[0m [90m 1 |[39m [36mimport[39m { useMemo[33m,[39m useState } [36mfrom[39m [32m'react'[39m[33m;[39m
 [90m 2 |[39m [36mimport[39m { [33mStyleSheet[39m[33m,[39m [33mText[39m[33m,[39m [33mView[39m } [36mfrom[39m [32m'react-native'[39m[33m;[39m
[31m[1m>[22m[39m[90m 3 |[39m [36mimport[39m { postReading } [36mfrom[39m [32m'../api/client'[39m[33m;[39m
 [90m   |[39m                              [31m[1m^[22m[39m
 [90m 4 |[39m [36mimport[39m [33mCard[39m [36mfrom[39m [32m'../components/Card'[39m[33m;[39m
 [90m 5 |[39m [36mimport[39m [33mFormField[39m [36mfrom[39m [32m'../components/FormField'[39m[33m;[39m
 [90m 6 |[39m [36mimport[39m [33mMessageBanner[39m [36mfrom[39m [32m'../components/MessageBanner'[39m[33m;[39m[0m

Import stack:

 src\screens\SubmitReadingScreen.js
 | import "../api/client"

 src\NemeXusApp.js
 | import "./screens/SubmitReadingScreen"

 App.js
 | import "./src/NemeXusApp"

 index.js
 | import "./App"

 
 | import "./index"

 WARN  The package C:\Users\Administrator\Desktop\NemeXusMonitoringApp_FULL_UPDATED\mobile-expo\node_modules\@supabase\postgrest-js contains an invalid package.json configuration. Consider raising this issue with the package maintainer(s).
Reason: The resolution for "C:\Users\Administrator\Desktop\NemeXusMonitoringApp_FULL_UPDATED\mobile-expo\node_modules\@supabase\postgrest-js" defined in "exports" is C:\Users\Administrator\Desktop\NemeXusMonitoringApp_FULL_UPDATED\mobile-expo\node_modules\@supabase\postgrest-js\dist\index.mjs, however this file does not exist. Falling back to file-based resolution.
Unable to resolve "../api/client" from "src\screens\SubmitReadingScreen.js"
[0m [90m 1 |[39m [36mimport[39m { useMemo[33m,[39m useState } [36mfrom[39m [32m'react'[39m[33m;[39m
 [90m 2 |[39m [36mimport[39m { [33mStyleSheet[39m[33m,[39m [33mText[39m[33m,[39m [33mView[39m } [36mfrom[39m [32m'react-native'[39m[33m;[39m
[31m[1m>[22m[39m[90m 3 |[39m [36mimport[39m { postReading } [36mfrom[39m [32m'../api/client'[39m[33m;[39m
 [90m   |[39m                              [31m[1m^[22m[39m
 [90m 4 |[39m [36mimport[39m [33mCard[39m [36mfrom[39m [32m'../components/Card'[39m[33m;[39m
 [90m 5 |[39m [36mimport[39m [33mFormField[39m [36mfrom[39m [32m'../components/FormField'[39m[33m;[39m
 [90m 6 |[39m [36mimport[39m [33mMessageBanner[39m [36mfrom[39m [32m'../components/MessageBanner'[39m[33m;[39m[0m

Import stack:

 src\screens\SubmitReadingScreen.js
 | import "../api/client"

 src\NemeXusApp.js
 | import "./screens/SubmitReadingScreen"

 App.js
 | import "./src/NemeXusApp"

 index.js
 | import "./App"

 
 | import "./index"

 WARN  The package C:\Users\Administrator\Desktop\NemeXusMonitoringApp_FULL_UPDATED\mobile-expo\node_modules\@supabase\postgrest-js contains an invalid package.json configuration. Consider raising this issue with the package maintainer(s).
Reason: The resolution for "C:\Users\Administrator\Desktop\NemeXusMonitoringApp_FULL_UPDATED\mobile-expo\node_modules\@supabase\postgrest-js" defined in "exports" is C:\Users\Administrator\Desktop\NemeXusMonitoringApp_FULL_UPDATED\mobile-expo\node_modules\@supabase\postgrest-js\dist\index.mjs, however this file does not exist. Falling back to file-based resolution.
Unable to resolve "@supabase/postgrest-js" from "node_modules\@supabase\supabase-js\dist\index.mjs"

undefined
 WARN  The package C:\Users\Administrator\Desktop\NemeXusMonitoringApp_FULL_UPDATED\mobile-expo\node_modules\@supabase\postgrest-js contains an invalid package.json configuration. Consider raising this issue with the package maintainer(s).
Reason: The resolution for "C:\Users\Administrator\Desktop\NemeXusMonitoringApp_FULL_UPDATED\mobile-expo\node_modules\@supabase\postgrest-js" defined in "exports" is C:\Users\Administrator\Desktop\NemeXusMonitoringApp_FULL_UPDATED\mobile-expo\node_modules\@supabase\postgrest-js\dist\index.mjs, however this file does not exist. Falling back to file-based resolution.
Unable to resolve "@supabase/postgrest-js" from "node_modules\@supabase\supabase-js\dist\index.mjs"

undefined
 WARN  The package C:\Users\Administrator\Desktop\NemeXusMonitoringApp_FULL_UPDATED\mobile-expo\node_modules\@supabase\postgrest-js contains an invalid package.json configuration. Consider raising this issue with the package maintainer(s).
Reason: The resolution for "C:\Users\Administrator\Desktop\NemeXusMonitoringApp_FULL_UPDATED\mobile-expo\node_modules\@supabase\postgrest-js" defined in "exports" is C:\Users\Administrator\Desktop\NemeXusMonitoringApp_FULL_UPDATED\mobile-expo\node_modules\@supabase\postgrest-js\dist\index.mjs, however this file does not exist. Falling back to file-based resolution.
Unable to resolve "@supabase/postgrest-js" from "node_modules\@supabase\supabase-js\dist\index.mjs"

undefined
